2026-03-30 17:09:36,287 - __main__ - INFO - 📡 Exporting Specification Curves...
2026-03-30 17:09:36,291 - clean.panel_utils - INFO - ✅ Created KOFGI_lag1
2026-03-30 17:09:36,348 - clean.panel_utils - INFO - ✅ Created KOFGI_lag1
2026-03-30 17:09:36,349 - clean.panel_utils - INFO - ✅ Created ln_gdppc_lag1
2026-03-30 17:09:36,392 - clean.panel_utils - INFO - ✅ Created KOFGI_lag1
2026-03-30 17:09:36,392 - clean.panel_utils - INFO - ✅ Created ln_gdppc_lag1
2026-03-30 17:09:36,393 - clean.panel_utils - INFO - ✅ Created inflation_cpi_lag1
2026-03-30 17:09:36,432 - clean.panel_utils - INFO - ✅ Created KOFGI_lag1
2026-03-30 17:09:36,432 - clean.panel_utils - INFO - ✅ Created ln_gdppc_lag1
2026-03-30 17:09:36,433 - clean.panel_utils - INFO - ✅ Created inflation_cpi_lag1
2026-03-30 17:09:36,434 - clean.panel_utils - INFO - ✅ Created deficit_lag1
2026-03-30 17:09:36,473 - clean.panel_utils - INFO - ✅ Created KOFGI_lag1
2026-03-30 17:09:36,473 - clean.panel_utils - INFO - ✅ Created ln_gdppc_lag1
2026-03-30 17:09:36,474 - clean.panel_utils - INFO - ✅ Created inflation_cpi_lag1
2026-03-30 17:09:36,474 - clean.panel_utils - INFO - ✅ Created deficit_lag1
2026-03-30 17:09:36,475 - clean.panel_utils - INFO - ✅ Created debt_lag1
2026-03-30 17:09:36,515 - clean.panel_utils - INFO - ✅ Created KOFGI_lag1
2026-03-30 17:09:36,515 - clean.panel_utils - INFO - ✅ Created ln_gdppc_lag1
2026-03-30 17:09:36,516 - clean.panel_utils - INFO - ✅ Created inflation_cpi_lag1
2026-03-30 17:09:36,517 - clean.panel_utils - INFO - ✅ Created deficit_lag1
2026-03-30 17:09:36,518 - clean.panel_utils - INFO - ✅ Created debt_lag1
2026-03-30 17:09:36,518 - clean.panel_utils - INFO - ✅ Created ln_population_lag1
2026-03-30 17:09:36,568 - clean.panel_utils - INFO - ✅ Created KOFGI_lag1
2026-03-30 17:09:36,569 - clean.panel_utils - INFO - ✅ Created ln_gdppc_lag1
2026-03-30 17:09:36,569 - clean.panel_utils - INFO - ✅ Created inflation_cpi_lag1
2026-03-30 17:09:36,570 - clean.panel_utils - INFO - ✅ Created deficit_lag1
2026-03-30 17:09:36,571 - clean.panel_utils - INFO - ✅ Created debt_lag1
2026-03-30 17:09:36,571 - clean.panel_utils - INFO - ✅ Created ln_population_lag1
2026-03-30 17:09:36,572 - clean.panel_utils - INFO - ✅ Created dependency_ratio_lag1
2026-03-30 17:09:36,617 - clean.panel_utils - INFO - ✅ Created KOFEcGI_lag1
2026-03-30 17:09:36,660 - clean.panel_utils - INFO - ✅ Created KOFEcGI_lag1
2026-03-30 17:09:36,661 - clean.panel_utils - INFO - ✅ Created ln_gdppc_lag1
2026-03-30 17:09:36,704 - clean.panel_utils - INFO - ✅ Created KOFEcGI_lag1
2026-03-30 17:09:36,705 - clean.panel_utils - INFO - ✅ Created ln_gdppc_lag1
2026-03-30 17:09:36,705 - clean.panel_utils - INFO - ✅ Created inflation_cpi_lag1
2026-03-30 17:09:36,744 - clean.panel_utils - INFO - ✅ Created KOFEcGI_lag1
2026-03-30 17:09:36,744 - clean.panel_utils - INFO - ✅ Created ln_gdppc_lag1
2026-03-30 17:09:36,745 - clean.panel_utils - INFO - ✅ Created inflation_cpi_lag1
2026-03-30 17:09:36,745 - clean.panel_utils - INFO - ✅ Created deficit_lag1
2026-03-30 17:09:36,785 - clean.panel_utils - INFO - ✅ Created KOFEcGI_lag1
2026-03-30 17:09:36,785 - clean.panel_utils - INFO - ✅ Created ln_gdppc_lag1
2026-03-30 17:09:36,786 - clean.panel_utils - INFO - ✅ Created inflation_cpi_lag1
2026-03-30 17:09:36,786 - clean.panel_utils - INFO - ✅ Created deficit_lag1
2026-03-30 17:09:36,786 - clean.panel_utils - INFO - ✅ Created debt_lag1
2026-03-30 17:09:36,825 - clean.panel_utils - INFO - ✅ Created KOFEcGI_lag1
2026-03-30 17:09:36,825 - clean.panel_utils - INFO - ✅ Created ln_gdppc_lag1
2026-03-30 17:09:36,826 - clean.panel_utils - INFO - ✅ Created inflation_cpi_lag1
2026-03-30 17:09:36,826 - clean.panel_utils - INFO - ✅ Created deficit_lag1
2026-03-30 17:09:36,827 - clean.panel_utils - INFO - ✅ Created debt_lag1
2026-03-30 17:09:36,827 - clean.panel_utils - INFO - ✅ Created ln_population_lag1
2026-03-30 17:09:36,867 - clean.panel_utils - INFO - ✅ Created KOFEcGI_lag1
2026-03-30 17:09:36,868 - clean.panel_utils - INFO - ✅ Created ln_gdppc_lag1
2026-03-30 17:09:36,868 - clean.panel_utils - INFO - ✅ Created inflation_cpi_lag1
2026-03-30 17:09:36,869 - clean.panel_utils - INFO - ✅ Created deficit_lag1
2026-03-30 17:09:36,869 - clean.panel_utils - INFO - ✅ Created debt_lag1
2026-03-30 17:09:36,869 - clean.panel_utils - INFO - ✅ Created ln_population_lag1
2026-03-30 17:09:36,870 - clean.panel_utils - INFO - ✅ Created dependency_ratio_lag1
2026-03-30 17:09:36,909 - clean.panel_utils - INFO - ✅ Created KOFSoGI_lag1
2026-03-30 17:09:36,945 - clean.panel_utils - INFO - ✅ Created KOFSoGI_lag1
2026-03-30 17:09:36,946 - clean.panel_utils - INFO - ✅ Created ln_gdppc_lag1
2026-03-30 17:09:36,983 - clean.panel_utils - INFO - ✅ Created KOFSoGI_lag1
2026-03-30 17:09:36,984 - clean.panel_utils - INFO - ✅ Created ln_gdppc_lag1
2026-03-30 17:09:36,984 - clean.panel_utils - INFO - ✅ Created inflation_cpi_lag1
2026-03-30 17:09:37,021 - clean.panel_utils - INFO - ✅ Created KOFSoGI_lag1
2026-03-30 17:09:37,022 - clean.panel_utils - INFO - ✅ Created ln_gdppc_lag1
2026-03-30 17:09:37,022 - clean.panel_utils - INFO - ✅ Created inflation_cpi_lag1
2026-03-30 17:09:37,023 - clean.panel_utils - INFO - ✅ Created deficit_lag1
2026-03-30 17:09:37,061 - clean.panel_utils - INFO - ✅ Created KOFSoGI_lag1
2026-03-30 17:09:37,062 - clean.panel_utils - INFO - ✅ Created ln_gdppc_lag1
2026-03-30 17:09:37,062 - clean.panel_utils - INFO - ✅ Created inflation_cpi_lag1
2026-03-30 17:09:37,063 - clean.panel_utils - INFO - ✅ Created deficit_lag1
2026-03-30 17:09:37,063 - clean.panel_utils - INFO - ✅ Created debt_lag1
2026-03-30 17:09:37,103 - clean.panel_utils - INFO - ✅ Created KOFSoGI_lag1
2026-03-30 17:09:37,104 - clean.panel_utils - INFO - ✅ Created ln_gdppc_lag1
2026-03-30 17:09:37,104 - clean.panel_utils - INFO - ✅ Created inflation_cpi_lag1
2026-03-30 17:09:37,105 - clean.panel_utils - INFO - ✅ Created deficit_lag1
2026-03-30 17:09:37,105 - clean.panel_utils - INFO - ✅ Created debt_lag1
2026-03-30 17:09:37,106 - clean.panel_utils - INFO - ✅ Created ln_population_lag1
2026-03-30 17:09:37,145 - clean.panel_utils - INFO - ✅ Created KOFSoGI_lag1
2026-03-30 17:09:37,145 - clean.panel_utils - INFO - ✅ Created ln_gdppc_lag1
2026-03-30 17:09:37,146 - clean.panel_utils - INFO - ✅ Created inflation_cpi_lag1
2026-03-30 17:09:37,146 - clean.panel_utils - INFO - ✅ Created deficit_lag1
2026-03-30 17:09:37,147 - clean.panel_utils - INFO - ✅ Created debt_lag1
2026-03-30 17:09:37,147 - clean.panel_utils - INFO - ✅ Created ln_population_lag1
2026-03-30 17:09:37,148 - clean.panel_utils - INFO - ✅ Created dependency_ratio_lag1
2026-03-30 17:09:37,186 - clean.panel_utils - INFO - ✅ Created KOFPoGI_lag1
2026-03-30 17:09:37,223 - clean.panel_utils - INFO - ✅ Created KOFPoGI_lag1
2026-03-30 17:09:37,224 - clean.panel_utils - INFO - ✅ Created ln_gdppc_lag1
2026-03-30 17:09:37,263 - clean.panel_utils - INFO - ✅ Created KOFPoGI_lag1
2026-03-30 17:09:37,263 - clean.panel_utils - INFO - ✅ Created ln_gdppc_lag1
2026-03-30 17:09:37,264 - clean.panel_utils - INFO - ✅ Created inflation_cpi_lag1
2026-03-30 17:09:37,302 - clean.panel_utils - INFO - ✅ Created KOFPoGI_lag1
2026-03-30 17:09:37,302 - clean.panel_utils - INFO - ✅ Created ln_gdppc_lag1
2026-03-30 17:09:37,303 - clean.panel_utils - INFO - ✅ Created inflation_cpi_lag1
2026-03-30 17:09:37,303 - clean.panel_utils - INFO - ✅ Created deficit_lag1
2026-03-30 17:09:37,342 - clean.panel_utils - INFO - ✅ Created KOFPoGI_lag1
2026-03-30 17:09:37,343 - clean.panel_utils - INFO - ✅ Created ln_gdppc_lag1
2026-03-30 17:09:37,343 - clean.panel_utils - INFO - ✅ Created inflation_cpi_lag1
2026-03-30 17:09:37,344 - clean.panel_utils - INFO - ✅ Created deficit_lag1
2026-03-30 17:09:37,344 - clean.panel_utils - INFO - ✅ Created debt_lag1
2026-03-30 17:09:37,386 - clean.panel_utils - INFO - ✅ Created KOFPoGI_lag1
2026-03-30 17:09:37,387 - clean.panel_utils - INFO - ✅ Created ln_gdppc_lag1
2026-03-30 17:09:37,387 - clean.panel_utils - INFO - ✅ Created inflation_cpi_lag1
2026-03-30 17:09:37,388 - clean.panel_utils - INFO - ✅ Created deficit_lag1
2026-03-30 17:09:37,388 - clean.panel_utils - INFO - ✅ Created debt_lag1
2026-03-30 17:09:37,388 - clean.panel_utils - INFO - ✅ Created ln_population_lag1
2026-03-30 17:09:37,427 - clean.panel_utils - INFO - ✅ Created KOFPoGI_lag1
2026-03-30 17:09:37,428 - clean.panel_utils - INFO - ✅ Created ln_gdppc_lag1
2026-03-30 17:09:37,428 - clean.panel_utils - INFO - ✅ Created inflation_cpi_lag1
2026-03-30 17:09:37,429 - clean.panel_utils - INFO - ✅ Created deficit_lag1
2026-03-30 17:09:37,429 - clean.panel_utils - INFO - ✅ Created debt_lag1
2026-03-30 17:09:37,430 - clean.panel_utils - INFO - ✅ Created ln_population_lag1
2026-03-30 17:09:37,430 - clean.panel_utils - INFO - ✅ Created dependency_ratio_lag1
2026-03-30 17:09:37,469 - __main__ - INFO - 🩺 Exporting Model Diagnostics...
2026-03-30 17:09:37,647 - __main__ - INFO - 📉 Exporting Summary Stats...
2026-03-30 17:09:37,661 - __main__ - INFO - 🗺️ Exporting Map Data (1980-2023)...
2026-03-30 17:09:37,689 - __main__ - INFO - 🎛️ Exporting Simulator Parameters...
2026-03-30 17:09:37,692 - __main__ - INFO - ✅ Web data sync complete! Files saved to web\public\data
2026-03-30 17:16:40,864 - __main__ - INFO - 📡 Exporting Specification Curves...
2026-03-30 17:16:40,866 - clean.panel_utils - INFO - ✅ Created KOFGI_lag1
2026-03-30 17:16:40,909 - clean.panel_utils - INFO - ✅ Created KOFGI_lag1
2026-03-30 17:16:40,909 - clean.panel_utils - INFO - ✅ Created ln_gdppc_lag1
2026-03-30 17:16:40,948 - clean.panel_utils - INFO - ✅ Created KOFGI_lag1
2026-03-30 17:16:40,949 - clean.panel_utils - INFO - ✅ Created ln_gdppc_lag1
2026-03-30 17:16:40,949 - clean.panel_utils - INFO - ✅ Created inflation_cpi_lag1
2026-03-30 17:16:40,989 - clean.panel_utils - INFO - ✅ Created KOFGI_lag1
2026-03-30 17:16:40,990 - clean.panel_utils - INFO - ✅ Created ln_gdppc_lag1
2026-03-30 17:16:40,990 - clean.panel_utils - INFO - ✅ Created inflation_cpi_lag1
2026-03-30 17:16:40,991 - clean.panel_utils - INFO - ✅ Created deficit_lag1
2026-03-30 17:16:41,029 - clean.panel_utils - INFO - ✅ Created KOFGI_lag1
2026-03-30 17:16:41,030 - clean.panel_utils - INFO - ✅ Created ln_gdppc_lag1
2026-03-30 17:16:41,030 - clean.panel_utils - INFO - ✅ Created inflation_cpi_lag1
2026-03-30 17:16:41,031 - clean.panel_utils - INFO - ✅ Created deficit_lag1
2026-03-30 17:16:41,031 - clean.panel_utils - INFO - ✅ Created debt_lag1
2026-03-30 17:16:41,070 - clean.panel_utils - INFO - ✅ Created KOFGI_lag1
2026-03-30 17:16:41,071 - clean.panel_utils - INFO - ✅ Created ln_gdppc_lag1
2026-03-30 17:16:41,071 - clean.panel_utils - INFO - ✅ Created inflation_cpi_lag1
2026-03-30 17:16:41,072 - clean.panel_utils - INFO - ✅ Created deficit_lag1
2026-03-30 17:16:41,072 - clean.panel_utils - INFO - ✅ Created debt_lag1
2026-03-30 17:16:41,073 - clean.panel_utils - INFO - ✅ Created ln_population_lag1
2026-03-30 17:16:41,112 - clean.panel_utils - INFO - ✅ Created KOFGI_lag1
2026-03-30 17:16:41,112 - clean.panel_utils - INFO - ✅ Created ln_gdppc_lag1
2026-03-30 17:16:41,113 - clean.panel_utils - INFO - ✅ Created inflation_cpi_lag1
2026-03-30 17:16:41,113 - clean.panel_utils - INFO - ✅ Created deficit_lag1
2026-03-30 17:16:41,114 - clean.panel_utils - INFO - ✅ Created debt_lag1
2026-03-30 17:16:41,114 - clean.panel_utils - INFO - ✅ Created ln_population_lag1
2026-03-30 17:16:41,114 - clean.panel_utils - INFO - ✅ Created dependency_ratio_lag1
2026-03-30 17:16:41,154 - clean.panel_utils - INFO - ✅ Created KOFEcGI_lag1
2026-03-30 17:16:41,192 - clean.panel_utils - INFO - ✅ Created KOFEcGI_lag1
2026-03-30 17:16:41,193 - clean.panel_utils - INFO - ✅ Created ln_gdppc_lag1
2026-03-30 17:16:41,232 - clean.panel_utils - INFO - ✅ Created KOFEcGI_lag1
2026-03-30 17:16:41,233 - clean.panel_utils - INFO - ✅ Created ln_gdppc_lag1
2026-03-30 17:16:41,233 - clean.panel_utils - INFO - ✅ Created inflation_cpi_lag1
2026-03-30 17:16:41,272 - clean.panel_utils - INFO - ✅ Created KOFEcGI_lag1
2026-03-30 17:16:41,272 - clean.panel_utils - INFO - ✅ Created ln_gdppc_lag1
2026-03-30 17:16:41,273 - clean.panel_utils - INFO - ✅ Created inflation_cpi_lag1
2026-03-30 17:16:41,274 - clean.panel_utils - INFO - ✅ Created deficit_lag1
2026-03-30 17:16:41,312 - clean.panel_utils - INFO - ✅ Created KOFEcGI_lag1
2026-03-30 17:16:41,312 - clean.panel_utils - INFO - ✅ Created ln_gdppc_lag1
2026-03-30 17:16:41,313 - clean.panel_utils - INFO - ✅ Created inflation_cpi_lag1
2026-03-30 17:16:41,313 - clean.panel_utils - INFO - ✅ Created deficit_lag1
2026-03-30 17:16:41,314 - clean.panel_utils - INFO - ✅ Created debt_lag1
2026-03-30 17:16:41,352 - clean.panel_utils - INFO - ✅ Created KOFEcGI_lag1
2026-03-30 17:16:41,352 - clean.panel_utils - INFO - ✅ Created ln_gdppc_lag1
2026-03-30 17:16:41,353 - clean.panel_utils - INFO - ✅ Created inflation_cpi_lag1
2026-03-30 17:16:41,353 - clean.panel_utils - INFO - ✅ Created deficit_lag1
2026-03-30 17:16:41,354 - clean.panel_utils - INFO - ✅ Created debt_lag1
2026-03-30 17:16:41,354 - clean.panel_utils - INFO - ✅ Created ln_population_lag1
2026-03-30 17:16:41,394 - clean.panel_utils - INFO - ✅ Created KOFEcGI_lag1
2026-03-30 17:16:41,394 - clean.panel_utils - INFO - ✅ Created ln_gdppc_lag1
2026-03-30 17:16:41,395 - clean.panel_utils - INFO - ✅ Created inflation_cpi_lag1
2026-03-30 17:16:41,395 - clean.panel_utils - INFO - ✅ Created deficit_lag1
2026-03-30 17:16:41,396 - clean.panel_utils - INFO - ✅ Created debt_lag1
2026-03-30 17:16:41,396 - clean.panel_utils - INFO - ✅ Created ln_population_lag1
2026-03-30 17:16:41,396 - clean.panel_utils - INFO - ✅ Created dependency_ratio_lag1
2026-03-30 17:16:41,436 - clean.panel_utils - INFO - ✅ Created KOFSoGI_lag1
2026-03-30 17:16:41,475 - clean.panel_utils - INFO - ✅ Created KOFSoGI_lag1
2026-03-30 17:16:41,475 - clean.panel_utils - INFO - ✅ Created ln_gdppc_lag1
2026-03-30 17:16:41,517 - clean.panel_utils - INFO - ✅ Created KOFSoGI_lag1
2026-03-30 17:16:41,517 - clean.panel_utils - INFO - ✅ Created ln_gdppc_lag1
2026-03-30 17:16:41,518 - clean.panel_utils - INFO - ✅ Created inflation_cpi_lag1
2026-03-30 17:16:41,556 - clean.panel_utils - INFO - ✅ Created KOFSoGI_lag1
2026-03-30 17:16:41,557 - clean.panel_utils - INFO - ✅ Created ln_gdppc_lag1
2026-03-30 17:16:41,557 - clean.panel_utils - INFO - ✅ Created inflation_cpi_lag1
2026-03-30 17:16:41,558 - clean.panel_utils - INFO - ✅ Created deficit_lag1
2026-03-30 17:16:41,596 - clean.panel_utils - INFO - ✅ Created KOFSoGI_lag1
2026-03-30 17:16:41,596 - clean.panel_utils - INFO - ✅ Created ln_gdppc_lag1
2026-03-30 17:16:41,597 - clean.panel_utils - INFO - ✅ Created inflation_cpi_lag1
2026-03-30 17:16:41,597 - clean.panel_utils - INFO - ✅ Created deficit_lag1
2026-03-30 17:16:41,598 - clean.panel_utils - INFO - ✅ Created debt_lag1
2026-03-30 17:16:41,637 - clean.panel_utils - INFO - ✅ Created KOFSoGI_lag1
2026-03-30 17:16:41,638 - clean.panel_utils - INFO - ✅ Created ln_gdppc_lag1
2026-03-30 17:16:41,638 - clean.panel_utils - INFO - ✅ Created inflation_cpi_lag1
2026-03-30 17:16:41,639 - clean.panel_utils - INFO - ✅ Created deficit_lag1
2026-03-30 17:16:41,639 - clean.panel_utils - INFO - ✅ Created debt_lag1
2026-03-30 17:16:41,640 - clean.panel_utils - INFO - ✅ Created ln_population_lag1
2026-03-30 17:16:41,679 - clean.panel_utils - INFO - ✅ Created KOFSoGI_lag1
2026-03-30 17:16:41,680 - clean.panel_utils - INFO - ✅ Created ln_gdppc_lag1
2026-03-30 17:16:41,680 - clean.panel_utils - INFO - ✅ Created inflation_cpi_lag1
2026-03-30 17:16:41,681 - clean.panel_utils - INFO - ✅ Created deficit_lag1
2026-03-30 17:16:41,681 - clean.panel_utils - INFO - ✅ Created debt_lag1
2026-03-30 17:16:41,682 - clean.panel_utils - INFO - ✅ Created ln_population_lag1
2026-03-30 17:16:41,682 - clean.panel_utils - INFO - ✅ Created dependency_ratio_lag1
2026-03-30 17:16:41,721 - clean.panel_utils - INFO - ✅ Created KOFPoGI_lag1
2026-03-30 17:16:41,758 - clean.panel_utils - INFO - ✅ Created KOFPoGI_lag1
2026-03-30 17:16:41,758 - clean.panel_utils - INFO - ✅ Created ln_gdppc_lag1
2026-03-30 17:16:41,796 - clean.panel_utils - INFO - ✅ Created KOFPoGI_lag1
2026-03-30 17:16:41,797 - clean.panel_utils - INFO - ✅ Created ln_gdppc_lag1
2026-03-30 17:16:41,797 - clean.panel_utils - INFO - ✅ Created inflation_cpi_lag1
2026-03-30 17:16:41,835 - clean.panel_utils - INFO - ✅ Created KOFPoGI_lag1
2026-03-30 17:16:41,836 - clean.panel_utils - INFO - ✅ Created ln_gdppc_lag1
2026-03-30 17:16:41,836 - clean.panel_utils - INFO - ✅ Created inflation_cpi_lag1
2026-03-30 17:16:41,837 - clean.panel_utils - INFO - ✅ Created deficit_lag1
2026-03-30 17:16:41,888 - clean.panel_utils - INFO - ✅ Created KOFPoGI_lag1
2026-03-30 17:16:41,888 - clean.panel_utils - INFO - ✅ Created ln_gdppc_lag1
2026-03-30 17:16:41,889 - clean.panel_utils - INFO - ✅ Created inflation_cpi_lag1
2026-03-30 17:16:41,889 - clean.panel_utils - INFO - ✅ Created deficit_lag1
2026-03-30 17:16:41,889 - clean.panel_utils - INFO - ✅ Created debt_lag1
2026-03-30 17:16:41,930 - clean.panel_utils - INFO - ✅ Created KOFPoGI_lag1
2026-03-30 17:16:41,931 - clean.panel_utils - INFO - ✅ Created ln_gdppc_lag1
2026-03-30 17:16:41,931 - clean.panel_utils - INFO - ✅ Created inflation_cpi_lag1
2026-03-30 17:16:41,932 - clean.panel_utils - INFO - ✅ Created deficit_lag1
2026-03-30 17:16:41,932 - clean.panel_utils - INFO - ✅ Created debt_lag1
2026-03-30 17:16:41,932 - clean.panel_utils - INFO - ✅ Created ln_population_lag1
2026-03-30 17:16:41,975 - clean.panel_utils - INFO - ✅ Created KOFPoGI_lag1
2026-03-30 17:16:41,976 - clean.panel_utils - INFO - ✅ Created ln_gdppc_lag1
2026-03-30 17:16:41,976 - clean.panel_utils - INFO - ✅ Created inflation_cpi_lag1
2026-03-30 17:16:41,977 - clean.panel_utils - INFO - ✅ Created deficit_lag1
2026-03-30 17:16:41,977 - clean.panel_utils - INFO - ✅ Created debt_lag1
2026-03-30 17:16:41,978 - clean.panel_utils - INFO - ✅ Created ln_population_lag1
2026-03-30 17:16:41,978 - clean.panel_utils - INFO - ✅ Created dependency_ratio_lag1
2026-03-30 17:16:42,018 - __main__ - INFO - 🩺 Exporting Model Diagnostics...
2026-03-30 17:16:42,193 - __main__ - INFO - 📉 Exporting Summary Stats...
2026-03-30 17:16:42,206 - __main__ - INFO - 🗺️ Exporting Map Data (1980-2023)...
2026-03-30 17:16:42,233 - __main__ - INFO - 🎛️ Exporting Simulator Parameters...
2026-03-30 17:16:42,237 - __main__ - INFO - 📊 Exporting Variance Decomposition...
2026-03-30 17:16:42,735 - __main__ - INFO - 📑 Exporting Interactive Regression Table...
2026-03-30 17:16:42,877 - __main__ - INFO - ✅ Web data sync complete! Files saved to web\public\data
